[debug] [2022-08-09T20:53:06.755Z] ----------------------------------------------------------------------
[debug] [2022-08-09T20:53:06.757Z] Command:       C:\Program Files\nodejs\node.exe C:\Users\Hamza\AppData\Roaming\npm\node_modules\firebase-tools\lib\bin\firebase.js deploy
[debug] [2022-08-09T20:53:06.757Z] CLI Version:   11.5.0
[debug] [2022-08-09T20:53:06.757Z] Platform:      win32
[debug] [2022-08-09T20:53:06.757Z] Node Version:  v16.16.0
[debug] [2022-08-09T20:53:06.758Z] Time:          Tue Aug 09 2022 21:53:06 GMT+0100 (heure normale d’Afrique de l’Ouest)
[debug] [2022-08-09T20:53:06.759Z] ----------------------------------------------------------------------
[debug] 
[debug] [2022-08-09T20:53:06.811Z] > command requires scopes: ["email","openid","https://www.googleapis.com/auth/cloudplatformprojects.readonly","https://www.googleapis.com/auth/firebase","https://www.googleapis.com/auth/cloud-platform"]
[debug] [2022-08-09T20:53:06.812Z] > authorizing via signed-in user (boukaderhamza71@gmail.com)
[debug] [2022-08-09T20:53:06.812Z] [iam] checking project ask-and-answer-subjects for permissions ["firebase.projects.get","firebasehosting.sites.update"]
[debug] [2022-08-09T20:53:06.813Z] >>> [apiv2][query] POST https://cloudresourcemanager.googleapis.com/v1/projects/ask-and-answer-subjects:testIamPermissions [none]
[debug] [2022-08-09T20:53:06.814Z] >>> [apiv2][(partial)header] POST https://cloudresourcemanager.googleapis.com/v1/projects/ask-and-answer-subjects:testIamPermissions x-goog-quota-user=projects/ask-and-answer-subjects
[debug] [2022-08-09T20:53:06.814Z] >>> [apiv2][body] POST https://cloudresourcemanager.googleapis.com/v1/projects/ask-and-answer-subjects:testIamPermissions {"permissions":["firebase.projects.get","firebasehosting.sites.update"]}
[debug] [2022-08-09T20:53:07.621Z] <<< [apiv2][status] POST https://cloudresourcemanager.googleapis.com/v1/projects/ask-and-answer-subjects:testIamPermissions 200
[debug] [2022-08-09T20:53:07.621Z] <<< [apiv2][body] POST https://cloudresourcemanager.googleapis.com/v1/projects/ask-and-answer-subjects:testIamPermissions {"permissions":["firebase.projects.get","firebasehosting.sites.update"]}
[debug] [2022-08-09T20:53:07.622Z] >>> [apiv2][query] GET https://firebase.googleapis.com/v1beta1/projects/ask-and-answer-subjects [none]
[debug] [2022-08-09T20:53:08.029Z] <<< [apiv2][status] GET https://firebase.googleapis.com/v1beta1/projects/ask-and-answer-subjects 200
[debug] [2022-08-09T20:53:08.030Z] <<< [apiv2][body] GET https://firebase.googleapis.com/v1beta1/projects/ask-and-answer-subjects {"projectId":"ask-and-answer-subjects","projectNumber":"851885257468","displayName":"ask and Answer customers","name":"projects/ask-and-answer-subjects","resources":{"hostingSite":"ask-and-answer-subjects","storageBucket":"ask-and-answer-subjects.appspot.com","locationId":"europe-west"},"state":"ACTIVE","etag":"1_2e59450e-de00-40c3-8ddb-cf3b1c00dbf8"}
[info] 
[info] === Deploying to 'ask-and-answer-subjects'...
[info] 
[info] i  deploying hosting 
[debug] [2022-08-09T20:53:08.034Z] >>> [apiv2][query] GET https://firebase.googleapis.com/v1beta1/projects/ask-and-answer-subjects [none]
[debug] [2022-08-09T20:53:08.522Z] <<< [apiv2][status] GET https://firebase.googleapis.com/v1beta1/projects/ask-and-answer-subjects 200
[debug] [2022-08-09T20:53:08.522Z] <<< [apiv2][body] GET https://firebase.googleapis.com/v1beta1/projects/ask-and-answer-subjects {"projectId":"ask-and-answer-subjects","projectNumber":"851885257468","displayName":"ask and Answer customers","name":"projects/ask-and-answer-subjects","resources":{"hostingSite":"ask-and-answer-subjects","storageBucket":"ask-and-answer-subjects.appspot.com","locationId":"europe-west"},"state":"ACTIVE","etag":"1_2e59450e-de00-40c3-8ddb-cf3b1c00dbf8"}
[debug] [2022-08-09T20:53:08.526Z] >>> [apiv2][query] POST https://firebasehosting.googleapis.com/v1beta1/projects/851885257468/sites/ask-and-answer-subjects/versions [none]
[debug] [2022-08-09T20:53:08.527Z] >>> [apiv2][body] POST https://firebasehosting.googleapis.com/v1beta1/projects/851885257468/sites/ask-and-answer-subjects/versions {"config":{"rewrites":[{"glob":"**","path":"/index.html"}]},"labels":{"deployment-tool":"cli-firebase"}}
[debug] [2022-08-09T20:53:10.028Z] <<< [apiv2][status] POST https://firebasehosting.googleapis.com/v1beta1/projects/851885257468/sites/ask-and-answer-subjects/versions 200
[debug] [2022-08-09T20:53:10.028Z] <<< [apiv2][body] POST https://firebasehosting.googleapis.com/v1beta1/projects/851885257468/sites/ask-and-answer-subjects/versions {"name":"projects/851885257468/sites/ask-and-answer-subjects/versions/b56dbfd71c708ee1","status":"CREATED","config":{"rewrites":[{"glob":"**","path":"/index.html"}]},"labels":{"deployment-tool":"cli-firebase"}}
[info] i  hosting[ask-and-answer-subjects]: beginning deploy... 
[info] i  hosting[ask-and-answer-subjects]: found 29 files in build 
[debug] [2022-08-09T20:53:10.041Z] [hosting] uploading with 200 concurrency
[debug] [2022-08-09T20:53:10.047Z] [hosting] hash cache [YnVpbGQ] stored for 29 files
[debug] [2022-08-09T20:53:10.047Z] [hosting][hash queue][FINAL] {"max":3,"min":0,"avg":0,"active":0,"complete":29,"success":29,"errored":0,"retried":0,"total":29,"elapsed":4}
[debug] [2022-08-09T20:53:10.047Z] >>> [apiv2][query] POST https://firebasehosting.googleapis.com/v1beta1/projects/851885257468/sites/ask-and-answer-subjects/versions/b56dbfd71c708ee1:populateFiles [none]
[debug] [2022-08-09T20:53:10.047Z] >>> [apiv2][body] POST https://firebasehosting.googleapis.com/v1beta1/projects/851885257468/sites/ask-and-answer-subjects/versions/b56dbfd71c708ee1:populateFiles {"files":{"/404.html":"daa499dd96d8229e73235345702ba32f0793f0c8e5c0d30e40e37a5872be57aa","/asset-manifest.json":"534213ba5c55480fecdb582dd87bddd331a5a3c322804ec85b3202196d8103ba","/index.html":"385f24c7abd1d305937f094caf3c4757160d63be744d9fe7bc1136b7a373296c","/manifest.json":"aff3449bdc238776f5d6d967f19ec491b36aed5fb7f23ccff6500736fd58494a","/robots.txt":"bfe106a3fb878dc83461c86818bf74fc1bdc7f28538ba613cd3e775516ce8b49","/static/css/main.cdb38bbd.css":"c3d83df707ef75fab3fce9e95d210dd999acd0944cb9b372684e5647569bc842","/static/css/main.cdb38bbd.css.map":"f0323cd1bec0e07dcafea93207236d5d4542efe870891dc2a6d7dffb3c88755e","/static/js/787.862d7bc3.chunk.js":"bc5c9aa28567a37d81d13e9c24a209dd23d1e2e7a87d8da8f39e74453d2df61c","/static/js/787.862d7bc3.chunk.js.map":"3589d5666256959699439cd61e4f8bcb30b29a2e933e360d0238080a9e706b7e","/static/js/main.ceeeed63.js":"b6509502038d458768f16e7d5511552ac8c0368033a499943e9aa743276c96c2","/static/js/main.ceeeed63.js.LICENSE.txt":"3c10b827033fd54fac3657ecfe0da368d5f83528ac987a9267df56d9221e93d7","/static/js/main.ceeeed63.js.map":"17668a18c5de06019b5bdb7e890f47b9d6a87568d07691880135f7ef563b752d","/static/media/bar.479d33d47092a879ae29.png":"43444b99225624767c9dd996f9f2361f3aae6828f14aa8a9d3ee62abe78d720b","/static/media/bigimg.c47bd3bc6dc1bc732d73.jpg":"fc4b89c5ea41d9fcd030472e1e57ee15eb5b354ca338ac60d1e11986b45b02ed","/static/media/Commerce.490a4135e3cee71b008f.jpg":"a331688536bd9c1a2272b21daefc3e9365d2d8ead9763aa4c73cd1fe9c0775e1","/static/media/discord(1).55960cba794f3c2ba6fc.png":"9c212daa44c36b393d96b193ac60ff9a05c15b126c028e554822f7877c3f7235","/static/media/Fashionphoto.feaedb2ac90839e9db07.jpg":"7a55cdee691d6caa78ec2a09e307001c0d725ea9490e582ba356d8c4e6a54371","/static/media/FFriends.e1daf59f843831b64de4.jpg":"a4712e4e8a297e25465cf12bd4f2de0eb96e7889a7f6ab7b827d1075c38edbb3","/static/media/Gamingphoto.211e9351d6ab4cf4e43e.jpg":"6a8d3897abe09f342e133190e99773a1aaa2ea6a236bf4051a7b63378497c8e5","/static/media/gmail(1).a2f2146f929409405da0.png":"2a7b2cde7152c76931c6b96c620f4a72c8220a5900a1a389ec6812d3504be0ef","/static/media/instagram.2d5cedd576ca1a740d7c.png":"c4473eccf11d73d4e0b4a98b04c1cbcf60fa3e601ce2a0821d12f0e384259cda","/static/media/ITphoto.64df6f405733aee1fe05.jpg":"cd46f7b1ad1cfb6decd3536d2782f99ad17788210e257aa951b653f37ea36ecb","/static/media/logo.a511715da184a3b19292.png":"8260c079e8de5db8207803d07efd143abae62505cefda8294c5303988c55f5ea","/static/media/phone-call.67bd3561d8db352d3d04.png":"b1e5ea8492d028f05ad5151ca6eabb0382d66fe8e3c94fc26d5485a7144bf1bd","/static/media/Politicsphoto.e52ad338fce3d8c61c12.jpg":"14172875242d21e8dae143aa12a7ded872cbc2f2075506c4dc3ed62f743c2822","/static/media/Progression.fba04428201cc4713b6a.jpg":"a161470958618baba21d2632043d3436ef83ecd63463590f377d461e9d23f1c0","/static/media/SFreinds.3283df3b6effa62a5347.jpg":"c86fbfab78cea2d1fdb9efe9869bab9f6c4f14cba957557595eb2dff09b0b1da","/static/media/sportPhoto.27afcab4a209199dc016.jpg":"28043518f2be91c376b60c7a14ae50110bcc64c346405ac939f1e4a380716a74","/static/media/twitter(1).e46c2218fa5a4659f2f5.png":"889dce3af2150a82e516b5a42978d9d686274701af0472a2f94b10962d4d318d"}}
[debug] [2022-08-09T20:53:11.331Z] <<< [apiv2][status] POST https://firebasehosting.googleapis.com/v1beta1/projects/851885257468/sites/ask-and-answer-subjects/versions/b56dbfd71c708ee1:populateFiles 200
[debug] [2022-08-09T20:53:11.331Z] <<< [apiv2][body] POST https://firebasehosting.googleapis.com/v1beta1/projects/851885257468/sites/ask-and-answer-subjects/versions/b56dbfd71c708ee1:populateFiles {"uploadRequiredHashes":["14172875242d21e8dae143aa12a7ded872cbc2f2075506c4dc3ed62f743c2822","a4712e4e8a297e25465cf12bd4f2de0eb96e7889a7f6ab7b827d1075c38edbb3","6a8d3897abe09f342e133190e99773a1aaa2ea6a236bf4051a7b63378497c8e5","c86fbfab78cea2d1fdb9efe9869bab9f6c4f14cba957557595eb2dff09b0b1da","28043518f2be91c376b60c7a14ae50110bcc64c346405ac939f1e4a380716a74","7a55cdee691d6caa78ec2a09e307001c0d725ea9490e582ba356d8c4e6a54371","cd46f7b1ad1cfb6decd3536d2782f99ad17788210e257aa951b653f37ea36ecb","fc4b89c5ea41d9fcd030472e1e57ee15eb5b354ca338ac60d1e11986b45b02ed","17668a18c5de06019b5bdb7e890f47b9d6a87568d07691880135f7ef563b752d","a331688536bd9c1a2272b21daefc3e9365d2d8ead9763aa4c73cd1fe9c0775e1","a161470958618baba21d2632043d3436ef83ecd63463590f377d461e9d23f1c0"],"uploadUrl":"https://upload-firebasehosting.googleapis.com/upload/sites/ask-and-answer-subjects/versions/b56dbfd71c708ee1/files"}
[debug] [2022-08-09T20:53:11.333Z] >>> [apiv2][query] POST https://upload-firebasehosting.googleapis.com/upload/sites/ask-and-answer-subjects/versions/b56dbfd71c708ee1/files/14172875242d21e8dae143aa12a7ded872cbc2f2075506c4dc3ed62f743c2822 [none]
[debug] [2022-08-09T20:53:11.333Z] >>> [apiv2][body] POST https://upload-firebasehosting.googleapis.com/upload/sites/ask-and-answer-subjects/versions/b56dbfd71c708ee1/files/14172875242d21e8dae143aa12a7ded872cbc2f2075506c4dc3ed62f743c2822 [stream]
[debug] [2022-08-09T20:53:11.334Z] >>> [apiv2][query] POST https://upload-firebasehosting.googleapis.com/upload/sites/ask-and-answer-subjects/versions/b56dbfd71c708ee1/files/a4712e4e8a297e25465cf12bd4f2de0eb96e7889a7f6ab7b827d1075c38edbb3 [none]
[debug] [2022-08-09T20:53:11.334Z] >>> [apiv2][body] POST https://upload-firebasehosting.googleapis.com/upload/sites/ask-and-answer-subjects/versions/b56dbfd71c708ee1/files/a4712e4e8a297e25465cf12bd4f2de0eb96e7889a7f6ab7b827d1075c38edbb3 [stream]
[debug] [2022-08-09T20:53:11.335Z] >>> [apiv2][query] POST https://upload-firebasehosting.googleapis.com/upload/sites/ask-and-answer-subjects/versions/b56dbfd71c708ee1/files/6a8d3897abe09f342e133190e99773a1aaa2ea6a236bf4051a7b63378497c8e5 [none]
[debug] [2022-08-09T20:53:11.335Z] >>> [apiv2][body] POST https://upload-firebasehosting.googleapis.com/upload/sites/ask-and-answer-subjects/versions/b56dbfd71c708ee1/files/6a8d3897abe09f342e133190e99773a1aaa2ea6a236bf4051a7b63378497c8e5 [stream]
[debug] [2022-08-09T20:53:11.335Z] >>> [apiv2][query] POST https://upload-firebasehosting.googleapis.com/upload/sites/ask-and-answer-subjects/versions/b56dbfd71c708ee1/files/c86fbfab78cea2d1fdb9efe9869bab9f6c4f14cba957557595eb2dff09b0b1da [none]
[debug] [2022-08-09T20:53:11.336Z] >>> [apiv2][body] POST https://upload-firebasehosting.googleapis.com/upload/sites/ask-and-answer-subjects/versions/b56dbfd71c708ee1/files/c86fbfab78cea2d1fdb9efe9869bab9f6c4f14cba957557595eb2dff09b0b1da [stream]
[debug] [2022-08-09T20:53:11.336Z] >>> [apiv2][query] POST https://upload-firebasehosting.googleapis.com/upload/sites/ask-and-answer-subjects/versions/b56dbfd71c708ee1/files/28043518f2be91c376b60c7a14ae50110bcc64c346405ac939f1e4a380716a74 [none]
[debug] [2022-08-09T20:53:11.336Z] >>> [apiv2][body] POST https://upload-firebasehosting.googleapis.com/upload/sites/ask-and-answer-subjects/versions/b56dbfd71c708ee1/files/28043518f2be91c376b60c7a14ae50110bcc64c346405ac939f1e4a380716a74 [stream]
[debug] [2022-08-09T20:53:11.337Z] >>> [apiv2][query] POST https://upload-firebasehosting.googleapis.com/upload/sites/ask-and-answer-subjects/versions/b56dbfd71c708ee1/files/7a55cdee691d6caa78ec2a09e307001c0d725ea9490e582ba356d8c4e6a54371 [none]
[debug] [2022-08-09T20:53:11.337Z] >>> [apiv2][body] POST https://upload-firebasehosting.googleapis.com/upload/sites/ask-and-answer-subjects/versions/b56dbfd71c708ee1/files/7a55cdee691d6caa78ec2a09e307001c0d725ea9490e582ba356d8c4e6a54371 [stream]
[debug] [2022-08-09T20:53:11.338Z] >>> [apiv2][query] POST https://upload-firebasehosting.googleapis.com/upload/sites/ask-and-answer-subjects/versions/b56dbfd71c708ee1/files/cd46f7b1ad1cfb6decd3536d2782f99ad17788210e257aa951b653f37ea36ecb [none]
[debug] [2022-08-09T20:53:11.338Z] >>> [apiv2][body] POST https://upload-firebasehosting.googleapis.com/upload/sites/ask-and-answer-subjects/versions/b56dbfd71c708ee1/files/cd46f7b1ad1cfb6decd3536d2782f99ad17788210e257aa951b653f37ea36ecb [stream]
[debug] [2022-08-09T20:53:11.338Z] >>> [apiv2][query] POST https://upload-firebasehosting.googleapis.com/upload/sites/ask-and-answer-subjects/versions/b56dbfd71c708ee1/files/fc4b89c5ea41d9fcd030472e1e57ee15eb5b354ca338ac60d1e11986b45b02ed [none]
[debug] [2022-08-09T20:53:11.339Z] >>> [apiv2][body] POST https://upload-firebasehosting.googleapis.com/upload/sites/ask-and-answer-subjects/versions/b56dbfd71c708ee1/files/fc4b89c5ea41d9fcd030472e1e57ee15eb5b354ca338ac60d1e11986b45b02ed [stream]
[debug] [2022-08-09T20:53:11.339Z] >>> [apiv2][query] POST https://upload-firebasehosting.googleapis.com/upload/sites/ask-and-answer-subjects/versions/b56dbfd71c708ee1/files/17668a18c5de06019b5bdb7e890f47b9d6a87568d07691880135f7ef563b752d [none]
[debug] [2022-08-09T20:53:11.339Z] >>> [apiv2][body] POST https://upload-firebasehosting.googleapis.com/upload/sites/ask-and-answer-subjects/versions/b56dbfd71c708ee1/files/17668a18c5de06019b5bdb7e890f47b9d6a87568d07691880135f7ef563b752d [stream]
[debug] [2022-08-09T20:53:11.340Z] >>> [apiv2][query] POST https://upload-firebasehosting.googleapis.com/upload/sites/ask-and-answer-subjects/versions/b56dbfd71c708ee1/files/a331688536bd9c1a2272b21daefc3e9365d2d8ead9763aa4c73cd1fe9c0775e1 [none]
[debug] [2022-08-09T20:53:11.340Z] >>> [apiv2][body] POST https://upload-firebasehosting.googleapis.com/upload/sites/ask-and-answer-subjects/versions/b56dbfd71c708ee1/files/a331688536bd9c1a2272b21daefc3e9365d2d8ead9763aa4c73cd1fe9c0775e1 [stream]
[debug] [2022-08-09T20:53:11.341Z] >>> [apiv2][query] POST https://upload-firebasehosting.googleapis.com/upload/sites/ask-and-answer-subjects/versions/b56dbfd71c708ee1/files/a161470958618baba21d2632043d3436ef83ecd63463590f377d461e9d23f1c0 [none]
[debug] [2022-08-09T20:53:11.341Z] >>> [apiv2][body] POST https://upload-firebasehosting.googleapis.com/upload/sites/ask-and-answer-subjects/versions/b56dbfd71c708ee1/files/a161470958618baba21d2632043d3436ef83ecd63463590f377d461e9d23f1c0 [stream]
[debug] [2022-08-09T20:53:11.341Z] [hosting][populate queue][FINAL] {"max":1287,"min":1287,"avg":1287,"active":0,"complete":1,"success":1,"errored":0,"retried":0,"total":1,"elapsed":1295}
[debug] [2022-08-09T20:53:11.341Z] [hosting] uploads queued: 11
[debug] [2022-08-09T20:53:41.753Z] [uploadQueue] Retrying task 6a8d3897abe09f342e133190e99773a1aaa2ea6a236bf4051a7b63378497c8e5
[debug] [2022-08-09T20:53:41.754Z] >>> [apiv2][query] POST https://upload-firebasehosting.googleapis.com/upload/sites/ask-and-answer-subjects/versions/b56dbfd71c708ee1/files/6a8d3897abe09f342e133190e99773a1aaa2ea6a236bf4051a7b63378497c8e5 [none]
[debug] [2022-08-09T20:53:41.755Z] >>> [apiv2][body] POST https://upload-firebasehosting.googleapis.com/upload/sites/ask-and-answer-subjects/versions/b56dbfd71c708ee1/files/6a8d3897abe09f342e133190e99773a1aaa2ea6a236bf4051a7b63378497c8e5 [stream]
[debug] [2022-08-09T20:53:41.757Z] [uploadQueue] Retrying task 28043518f2be91c376b60c7a14ae50110bcc64c346405ac939f1e4a380716a74
[debug] [2022-08-09T20:53:41.757Z] >>> [apiv2][query] POST https://upload-firebasehosting.googleapis.com/upload/sites/ask-and-answer-subjects/versions/b56dbfd71c708ee1/files/28043518f2be91c376b60c7a14ae50110bcc64c346405ac939f1e4a380716a74 [none]
[debug] [2022-08-09T20:53:41.757Z] >>> [apiv2][body] POST https://upload-firebasehosting.googleapis.com/upload/sites/ask-and-answer-subjects/versions/b56dbfd71c708ee1/files/28043518f2be91c376b60c7a14ae50110bcc64c346405ac939f1e4a380716a74 [stream]
[debug] [2022-08-09T20:53:41.758Z] [uploadQueue] Retrying task cd46f7b1ad1cfb6decd3536d2782f99ad17788210e257aa951b653f37ea36ecb
[debug] [2022-08-09T20:53:41.758Z] >>> [apiv2][query] POST https://upload-firebasehosting.googleapis.com/upload/sites/ask-and-answer-subjects/versions/b56dbfd71c708ee1/files/cd46f7b1ad1cfb6decd3536d2782f99ad17788210e257aa951b653f37ea36ecb [none]
[debug] [2022-08-09T20:53:41.758Z] >>> [apiv2][body] POST https://upload-firebasehosting.googleapis.com/upload/sites/ask-and-answer-subjects/versions/b56dbfd71c708ee1/files/cd46f7b1ad1cfb6decd3536d2782f99ad17788210e257aa951b653f37ea36ecb [stream]
[debug] [2022-08-09T20:53:42.278Z] [uploadQueue] Retrying task fc4b89c5ea41d9fcd030472e1e57ee15eb5b354ca338ac60d1e11986b45b02ed
[debug] [2022-08-09T20:53:42.279Z] >>> [apiv2][query] POST https://upload-firebasehosting.googleapis.com/upload/sites/ask-and-answer-subjects/versions/b56dbfd71c708ee1/files/fc4b89c5ea41d9fcd030472e1e57ee15eb5b354ca338ac60d1e11986b45b02ed [none]
[debug] [2022-08-09T20:53:42.279Z] >>> [apiv2][body] POST https://upload-firebasehosting.googleapis.com/upload/sites/ask-and-answer-subjects/versions/b56dbfd71c708ee1/files/fc4b89c5ea41d9fcd030472e1e57ee15eb5b354ca338ac60d1e11986b45b02ed [stream]
[debug] [2022-08-09T20:53:54.049Z] [uploadQueue] Retrying task 7a55cdee691d6caa78ec2a09e307001c0d725ea9490e582ba356d8c4e6a54371
[debug] [2022-08-09T20:53:54.051Z] >>> [apiv2][query] POST https://upload-firebasehosting.googleapis.com/upload/sites/ask-and-answer-subjects/versions/b56dbfd71c708ee1/files/7a55cdee691d6caa78ec2a09e307001c0d725ea9490e582ba356d8c4e6a54371 [none]
[debug] [2022-08-09T20:53:54.051Z] >>> [apiv2][body] POST https://upload-firebasehosting.googleapis.com/upload/sites/ask-and-answer-subjects/versions/b56dbfd71c708ee1/files/7a55cdee691d6caa78ec2a09e307001c0d725ea9490e582ba356d8c4e6a54371 [stream]
[debug] [2022-08-09T20:53:58.377Z] [uploadQueue] Retrying task 14172875242d21e8dae143aa12a7ded872cbc2f2075506c4dc3ed62f743c2822
[debug] [2022-08-09T20:53:58.378Z] >>> [apiv2][query] POST https://upload-firebasehosting.googleapis.com/upload/sites/ask-and-answer-subjects/versions/b56dbfd71c708ee1/files/14172875242d21e8dae143aa12a7ded872cbc2f2075506c4dc3ed62f743c2822 [none]
[debug] [2022-08-09T20:53:58.379Z] >>> [apiv2][body] POST https://upload-firebasehosting.googleapis.com/upload/sites/ask-and-answer-subjects/versions/b56dbfd71c708ee1/files/14172875242d21e8dae143aa12a7ded872cbc2f2075506c4dc3ed62f743c2822 [stream]
[debug] [2022-08-09T20:54:12.568Z] [uploadQueue] Retrying task 6a8d3897abe09f342e133190e99773a1aaa2ea6a236bf4051a7b63378497c8e5
[debug] [2022-08-09T20:54:12.569Z] >>> [apiv2][query] POST https://upload-firebasehosting.googleapis.com/upload/sites/ask-and-answer-subjects/versions/b56dbfd71c708ee1/files/6a8d3897abe09f342e133190e99773a1aaa2ea6a236bf4051a7b63378497c8e5 [none]
[debug] [2022-08-09T20:54:12.569Z] >>> [apiv2][body] POST https://upload-firebasehosting.googleapis.com/upload/sites/ask-and-answer-subjects/versions/b56dbfd71c708ee1/files/6a8d3897abe09f342e133190e99773a1aaa2ea6a236bf4051a7b63378497c8e5 [stream]
[debug] [2022-08-09T20:54:12.571Z] [uploadQueue] Retrying task 28043518f2be91c376b60c7a14ae50110bcc64c346405ac939f1e4a380716a74
[debug] [2022-08-09T20:54:12.572Z] >>> [apiv2][query] POST https://upload-firebasehosting.googleapis.com/upload/sites/ask-and-answer-subjects/versions/b56dbfd71c708ee1/files/28043518f2be91c376b60c7a14ae50110bcc64c346405ac939f1e4a380716a74 [none]
[debug] [2022-08-09T20:54:12.572Z] >>> [apiv2][body] POST https://upload-firebasehosting.googleapis.com/upload/sites/ask-and-answer-subjects/versions/b56dbfd71c708ee1/files/28043518f2be91c376b60c7a14ae50110bcc64c346405ac939f1e4a380716a74 [stream]
[debug] [2022-08-09T20:54:12.573Z] [uploadQueue] Retrying task cd46f7b1ad1cfb6decd3536d2782f99ad17788210e257aa951b653f37ea36ecb
[debug] [2022-08-09T20:54:12.573Z] >>> [apiv2][query] POST https://upload-firebasehosting.googleapis.com/upload/sites/ask-and-answer-subjects/versions/b56dbfd71c708ee1/files/cd46f7b1ad1cfb6decd3536d2782f99ad17788210e257aa951b653f37ea36ecb [none]
[debug] [2022-08-09T20:54:12.573Z] >>> [apiv2][body] POST https://upload-firebasehosting.googleapis.com/upload/sites/ask-and-answer-subjects/versions/b56dbfd71c708ee1/files/cd46f7b1ad1cfb6decd3536d2782f99ad17788210e257aa951b653f37ea36ecb [stream]
[debug] [2022-08-09T20:54:13.637Z] [uploadQueue] Retrying task fc4b89c5ea41d9fcd030472e1e57ee15eb5b354ca338ac60d1e11986b45b02ed
[debug] [2022-08-09T20:54:13.638Z] >>> [apiv2][query] POST https://upload-firebasehosting.googleapis.com/upload/sites/ask-and-answer-subjects/versions/b56dbfd71c708ee1/files/fc4b89c5ea41d9fcd030472e1e57ee15eb5b354ca338ac60d1e11986b45b02ed [none]
[debug] [2022-08-09T20:54:13.638Z] >>> [apiv2][body] POST https://upload-firebasehosting.googleapis.com/upload/sites/ask-and-answer-subjects/versions/b56dbfd71c708ee1/files/fc4b89c5ea41d9fcd030472e1e57ee15eb5b354ca338ac60d1e11986b45b02ed [stream]
[debug] [2022-08-09T20:54:16.560Z] [uploadQueue] Retrying task a161470958618baba21d2632043d3436ef83ecd63463590f377d461e9d23f1c0
[debug] [2022-08-09T20:54:16.561Z] >>> [apiv2][query] POST https://upload-firebasehosting.googleapis.com/upload/sites/ask-and-answer-subjects/versions/b56dbfd71c708ee1/files/a161470958618baba21d2632043d3436ef83ecd63463590f377d461e9d23f1c0 [none]
[debug] [2022-08-09T20:54:16.561Z] >>> [apiv2][body] POST https://upload-firebasehosting.googleapis.com/upload/sites/ask-and-answer-subjects/versions/b56dbfd71c708ee1/files/a161470958618baba21d2632043d3436ef83ecd63463590f377d461e9d23f1c0 [stream]
[debug] [2022-08-09T20:54:17.731Z] [uploadQueue] Retrying task 17668a18c5de06019b5bdb7e890f47b9d6a87568d07691880135f7ef563b752d
[debug] [2022-08-09T20:54:17.731Z] >>> [apiv2][query] POST https://upload-firebasehosting.googleapis.com/upload/sites/ask-and-answer-subjects/versions/b56dbfd71c708ee1/files/17668a18c5de06019b5bdb7e890f47b9d6a87568d07691880135f7ef563b752d [none]
[debug] [2022-08-09T20:54:17.731Z] >>> [apiv2][body] POST https://upload-firebasehosting.googleapis.com/upload/sites/ask-and-answer-subjects/versions/b56dbfd71c708ee1/files/17668a18c5de06019b5bdb7e890f47b9d6a87568d07691880135f7ef563b752d [stream]
[debug] [2022-08-09T20:54:23.888Z] [uploadQueue] Retrying task a4712e4e8a297e25465cf12bd4f2de0eb96e7889a7f6ab7b827d1075c38edbb3
[debug] [2022-08-09T20:54:23.889Z] >>> [apiv2][query] POST https://upload-firebasehosting.googleapis.com/upload/sites/ask-and-answer-subjects/versions/b56dbfd71c708ee1/files/a4712e4e8a297e25465cf12bd4f2de0eb96e7889a7f6ab7b827d1075c38edbb3 [none]
[debug] [2022-08-09T20:54:23.889Z] >>> [apiv2][body] POST https://upload-firebasehosting.googleapis.com/upload/sites/ask-and-answer-subjects/versions/b56dbfd71c708ee1/files/a4712e4e8a297e25465cf12bd4f2de0eb96e7889a7f6ab7b827d1075c38edbb3 [stream]
